<?xml version="1.0" encoding="UTF-8"?>
<!-- Generated by org.testng.reporters.JUnitReportReporter -->
<testsuite hostname="Ranjith" failures="0" tests="4" name="dataProvider.ByDataProvider" time="16.902" errors="0" timestamp="2024-12-28T11:08:07 IST" skipped="0">
  <testcase classname="dataProvider.ByDataProvider" name="getDataFromDataProvider" time="5.107"/>
  <testcase classname="dataProvider.ByDataProvider" name="getDataFromDataProvider" time="4.314"/>
  <testcase classname="dataProvider.ByDataProvider" name="getDataFromDataProvider" time="2.070"/>
  <testcase classname="dataProvider.ByDataProvider" name="getDataFromDataProvider" time="5.411"/>
</testsuite> <!-- dataProvider.ByDataProvider -->
