<?xml version="1.0" encoding="UTF-8"?>
<!-- Generated by org.testng.reporters.JUnitReportReporter -->
<testsuite hostname="Ranjith" failures="0" tests="4" name="byExcel.ReadDatasInExcel" time="18.072" errors="0" timestamp="2024-12-30T15:43:16 IST" skipped="0">
  <testcase classname="byExcel.ReadDatasInExcel" name="loginFunction" time="12.998"/>
  <testcase classname="byExcel.ReadDatasInExcel" name="loginFunction" time="2.288"/>
  <testcase classname="byExcel.ReadDatasInExcel" name="loginFunction" time="1.980"/>
  <testcase classname="byExcel.ReadDatasInExcel" name="loginFunction" time="0.806"/>
</testsuite> <!-- byExcel.ReadDatasInExcel -->
