<?xml version="1.0" encoding="UTF-8"?>
<!-- Generated by org.testng.reporters.JUnitReportReporter -->
<testsuite hostname="Ranjith" failures="0" tests="4" name="byExcel.ReadDatasInExcel" time="5.587" errors="0" timestamp="2024-12-28T11:35:23 IST" skipped="0">
  <testcase classname="byExcel.ReadDatasInExcel" name="loginFunction" time="1.592"/>
  <testcase classname="byExcel.ReadDatasInExcel" name="loginFunction" time="1.560"/>
  <testcase classname="byExcel.ReadDatasInExcel" name="loginFunction" time="0.503"/>
  <testcase classname="byExcel.ReadDatasInExcel" name="loginFunction" time="1.932"/>
</testsuite> <!-- byExcel.ReadDatasInExcel -->
