<?xml version="1.0" encoding="UTF-8"?>
<!-- Generated by org.testng.reporters.JUnitReportReporter -->
<testsuite hostname="Ranjith" failures="0" tests="1" name="byExcel.WriteDatasInExcel" time="1.428" errors="0" timestamp="2024-12-28T11:18:55 IST" skipped="0">
  <testcase classname="byExcel.WriteDatasInExcel" name="writeDatasOnExcel" time="1.428"/>
</testsuite> <!-- byExcel.WriteDatasInExcel -->
